e:\program files\project\compiler20140831\compiler20140831\debug\vc120.pdb
e:\program files\project\compiler20140831\compiler20140831\debug\vc120.idb
e:\program files\project\compiler20140831\compiler20140831\debug\lexer.obj
e:\program files\project\compiler20140831\compiler20140831\debug\parser.obj
e:\program files\project\compiler20140831\compiler20140831\debug\semanticanalyzer.obj
e:\program files\project\compiler20140831\compiler20140831\debug\semanticanalyzerbase.obj
e:\program files\project\compiler20140831\compiler20140831\debug\symboltable.obj
e:\program files\project\compiler20140831\compiler20140831\debug\codegen.obj
e:\program files\project\compiler20140831\compiler20140831\debug\main.obj
e:\program files\project\compiler20140831\compiler20140831\debug\pascalast.obj
e:\program files\project\compiler20140831\compiler20140831\debug\virrualmachine.obj
e:\program files\project\compiler20140831\debug\compiler20140831.ilk
e:\program files\project\compiler20140831\debug\compiler20140831.exe
e:\program files\project\compiler20140831\debug\compiler20140831.pdb
e:\program files\project\compiler20140831\compiler20140831\debug\compiler20140831.tlog\cl.command.1.tlog
e:\program files\project\compiler20140831\compiler20140831\debug\compiler20140831.tlog\cl.read.1.tlog
e:\program files\project\compiler20140831\compiler20140831\debug\compiler20140831.tlog\cl.write.1.tlog
e:\program files\project\compiler20140831\compiler20140831\debug\compiler20140831.tlog\link.command.1.tlog
e:\program files\project\compiler20140831\compiler20140831\debug\compiler20140831.tlog\link.read.1.tlog
e:\program files\project\compiler20140831\compiler20140831\debug\compiler20140831.tlog\link.write.1.tlog
